# JRE version: Java(TM) SE Runtime Environment (17.0.12+8) (build 17.0.12+8-LTS-286)
# Java VM: Java HotSpot(TM) 64-Bit Server VM (17.0.12+8-LTS-286, mixed mode, emulated-client, sharing, tiered, compressed oops, compressed class ptrs, g1 gc, windows-amd64)
GC Precious Log:
 CPUs: 12 total, 12 available
 Memory: 7498M
 Large Page Support: Disabled
 NUMA Support: Disabled
 Compressed Oops: Enabled (32-bit)
 Heap Region Size: 1M
 Heap Min Capacity: 8M
 Heap Initial Capacity: 118M
 Heap Max Capacity: 1876M
 Pre-touch: Disabled
 Parallel Workers: 10
 Concurrent Workers: 3
 Concurrent Refinement Workers: 10
 Periodic GC: Disabled
Heap:
 garbage-first heap   total 51200K, used 22731K [0x000000008ac00000, 0x0000000100000000)
  region size 1024K, 2 young (2048K), 2 survivors (2048K)
 Metaspace       used 40629K, committed 41152K, reserved 1114112K
  class space    used 5840K, committed 6080K, reserved 1048576K
GC Heap History (20 events):
Event: 1.095 GC heap after
{Heap after GC invocations=1 (full 0):
 garbage-first heap   total 120832K, used 5651K [0x000000008ac00000, 0x0000000100000000)
  region size 1024K, 3 young (3072K), 3 survivors (3072K)
 Metaspace       used 5384K, committed 5568K, reserved 1114112K
  class space    used 747K, committed 832K, reserved 1048576K
}
Event: 1.733 GC heap before
{Heap before GC invocations=1 (full 0):
 garbage-first heap   total 120832K, used 33299K [0x000000008ac00000, 0x0000000100000000)
  region size 1024K, 30 young (30720K), 3 survivors (3072K)
 Metaspace       used 10569K, committed 10880K, reserved 1114112K
  class space    used 1630K, committed 1792K, reserved 1048576K
}
Event: 1.740 GC heap after
{Heap after GC invocations=2 (full 0):
 garbage-first heap   total 120832K, used 7638K [0x000000008ac00000, 0x0000000100000000)
  region size 1024K, 2 young (2048K), 2 survivors (2048K)
 Metaspace       used 10569K, committed 10880K, reserved 1114112K
  class space    used 1630K, committed 1792K, reserved 1048576K
}
Event: 3.372 GC heap before
{Heap before GC invocations=2 (full 0):
 garbage-first heap   total 120832K, used 74198K [0x000000008ac00000, 0x0000000100000000)
  region size 1024K, 69 young (70656K), 2 survivors (2048K)
 Metaspace       used 21172K, committed 21504K, reserved 1114112K
  class space    used 3021K, committed 3200K, reserved 1048576K
}
Event: 3.386 GC heap after
{Heap after GC invocations=3 (full 0):
 garbage-first heap   total 120832K, used 13249K [0x000000008ac00000, 0x0000000100000000)
  region size 1024K, 8 young (8192K), 8 survivors (8192K)
 Metaspace       used 21172K, committed 21504K, reserved 1114112K
  class space    used 3021K, committed 3200K, reserved 1048576K
}
Event: 4.188 GC heap before
{Heap before GC invocations=4 (full 0):
 garbage-first heap   total 51200K, used 35777K [0x000000008ac00000, 0x0000000100000000)
  region size 1024K, 30 young (30720K), 8 survivors (8192K)
 Metaspace       used 24010K, committed 24384K, reserved 1114112K
  class space    used 3416K, committed 3584K, reserved 1048576K
}
Event: 4.203 GC heap after
{Heap after GC invocations=5 (full 0):
 garbage-first heap   total 51200K, used 14922K [0x000000008ac00000, 0x0000000100000000)
  region size 1024K, 2 young (2048K), 2 survivors (2048K)
 Metaspace       used 24010K, committed 24384K, reserved 1114112K
  class space    used 3416K, committed 3584K, reserved 1048576K
}
Event: 4.240 GC heap before
{Heap before GC invocations=5 (full 0):
 garbage-first heap   total 51200K, used 15946K [0x000000008ac00000, 0x0000000100000000)
  region size 1024K, 3 young (3072K), 2 survivors (2048K)
 Metaspace       used 24250K, committed 24640K, reserved 1114112K
  class space    used 3456K, committed 3648K, reserved 1048576K
}
Event: 4.246 GC heap after
{Heap after GC invocations=6 (full 0):
 garbage-first heap   total 51200K, used 14850K [0x000000008ac00000, 0x0000000100000000)
  region size 1024K, 1 young (1024K), 1 survivors (1024K)
 Metaspace       used 24250K, committed 24640K, reserved 1114112K
  class space    used 3456K, committed 3648K, reserved 1048576K
}
Event: 5.314 GC heap before
{Heap before GC invocations=6 (full 0):
 garbage-first heap   total 51200K, used 36354K [0x000000008ac00000, 0x0000000100000000)
  region size 1024K, 22 young (22528K), 1 survivors (1024K)
 Metaspace       used 28763K, committed 29184K, reserved 1114112K
  class space    used 4079K, committed 4288K, reserved 1048576K
}
Event: 5.324 GC heap after
{Heap after GC invocations=7 (full 0):
 garbage-first heap   total 51200K, used 16655K [0x000000008ac00000, 0x0000000100000000)
  region size 1024K, 3 young (3072K), 3 survivors (3072K)
 Metaspace       used 28763K, committed 29184K, reserved 1114112K
  class space    used 4079K, committed 4288K, reserved 1048576K
}
Event: 6.498 GC heap before
{Heap before GC invocations=7 (full 0):
 garbage-first heap   total 51200K, used 37135K [0x000000008ac00000, 0x0000000100000000)
  region size 1024K, 23 young (23552K), 3 survivors (3072K)
 Metaspace       used 33663K, committed 34112K, reserved 1114112K
  class space    used 4798K, committed 4992K, reserved 1048576K
}
Event: 6.502 GC heap after
{Heap after GC invocations=8 (full 0):
 garbage-first heap   total 51200K, used 18261K [0x000000008ac00000, 0x0000000100000000)
  region size 1024K, 2 young (2048K), 2 survivors (2048K)
 Metaspace       used 33663K, committed 34112K, reserved 1114112K
  class space    used 4798K, committed 4992K, reserved 1048576K
}
Event: 6.862 GC heap before
{Heap before GC invocations=8 (full 0):
 garbage-first heap   total 51200K, used 27477K [0x000000008ac00000, 0x0000000100000000)
  region size 1024K, 12 young (12288K), 2 survivors (2048K)
 Metaspace       used 35502K, committed 35968K, reserved 1114112K
  class space    used 5080K, committed 5312K, reserved 1048576K
}
Event: 6.865 GC heap after
{Heap after GC invocations=9 (full 0):
 garbage-first heap   total 51200K, used 19298K [0x000000008ac00000, 0x0000000100000000)
  region size 1024K, 2 young (2048K), 2 survivors (2048K)
 Metaspace       used 35502K, committed 35968K, reserved 1114112K
  class space    used 5080K, committed 5312K, reserved 1048576K
}
Event: 7.179 GC heap before
{Heap before GC invocations=10 (full 0):
 garbage-first heap   total 51200K, used 38754K [0x000000008ac00000, 0x0000000100000000)
  region size 1024K, 21 young (21504K), 2 survivors (2048K)
 Metaspace       used 38016K, committed 38528K, reserved 1114112K
  class space    used 5456K, committed 5696K, reserved 1048576K
}
Event: 7.181 GC heap after
{Heap after GC invocations=11 (full 0):
 garbage-first heap   total 51200K, used 21168K [0x000000008ac00000, 0x0000000100000000)
  region size 1024K, 3 young (3072K), 3 survivors (3072K)
 Metaspace       used 38016K, committed 38528K, reserved 1114112K
  class space    used 5456K, committed 5696K, reserved 1048576K
}
Event: 7.198 GC heap before
{Heap before GC invocations=11 (full 0):
 garbage-first heap   total 51200K, used 21168K [0x000000008ac00000, 0x0000000100000000)
  region size 1024K, 4 young (4096K), 3 survivors (3072K)
 Metaspace       used 38177K, committed 38656K, reserved 1114112K
  class space    used 5476K, committed 5696K, reserved 1048576K
}
Event: 7.201 GC heap after
{Heap after GC invocations=12 (full 0):
 garbage-first heap   total 51200K, used 21348K [0x000000008ac00000, 0x0000000100000000)
  region size 1024K, 1 young (1024K), 1 survivors (1024K)
 Metaspace       used 38177K, committed 38656K, reserved 1114112K
  class space    used 5476K, committed 5696K, reserved 1048576K
}
Event: 7.584 GC heap before
{Heap before GC invocations=12 (full 0):
 garbage-first heap   total 51200K, used 37732K [0x000000008ac00000, 0x0000000100000000)
  region size 1024K, 18 young (18432K), 1 survivors (1024K)
 Metaspace       used 40629K, committed 41152K, reserved 1114112K
  class space    used 5840K, committed 6080K, reserved 1048576K
}

